ERROR : 21:11:16 07:04:45--Failed login by Intructor conner@gmail.com
ERROR : 21:11:16 07:05:23--Failed login by Intructor conner@gmail.com
ERROR : 21:11:16 07:06:22--Failed login by Intructor wendy@yahoo.com
ERROR : 21:11:16 07:06:35--Failed login by Intructor tina@gmail.com
ERROR : 21:11:16 07:06:43--Failed login by Intructor sally@gmail.com
ERROR : 21:11:16 07:10:15--Failed login in Member conner@gmail.com
ERROR : 21:11:16 07:10:24--Failed login in Member sally@gmail.com
ERROR : 21:11:16 07:11:55--Failed login by Instructor wendy@yahoo.com
ERROR : 21:11:16 07:15:53--FAILED LOGIN BY MEMBER conner@gmail.com
ERROR : 21:11:16 07:15:59--FAILED LOGIN BY MEMBER sally@gmail.com
ERROR : 21:11:16 07:54:11--FAILED LOGIN BY STAFF wendy@yahoo.com
ERROR : 21:11:16 08:00:16--STAFF 34567 ASSIGNED INSTRUCTOR FAILED
ERROR : 21:11:16 08:23:26--MANAGER 34567 DELETE INSTRUCTOR FAILED
ERROR : 21:11:16 08:23:30--MANAGER 34567 DELETE INSTRUCTOR FAILED
ERROR : 21:11:16 08:25:02--MANAGER 34567 DELETE INSTRUCTOR FAILED
ERROR : 21:11:16 08:26:10--MANAGER 34567 DELETE INSTRUCTOR FAILED
ERROR : 21:11:16 08:26:10--MANAGER 34567 DELETE INSTRUCTOR FAILED
ERROR : 21:11:16 08:30:14--FAILED LOGIN BY MEMBER alex@gmail.com
ERROR : 21:11:16 08:48:27--FAILED LOGIN BY STAFF conner@gmail.com
ERROR : 21:11:16 09:11:40--FAILED LOGIN BY INSTRUCTOR sally@gmail.com
ERROR : 21:11:16 09:41:47--FAILED LOGIN BY MEMBER conner@gmail.com
ERROR : 21:11:16 09:41:52--FAILED LOGIN BY MEMBER sally@gmail.com
ERROR : 21:11:16 10:10:35--FAILED LOGIN BY INSTRUCTOR alex@gmail.com
ERROR : 21:11:16 10:10:43--FAILED LOGIN BY INSTRUCTOR sally@gmail.com
ERROR : 21:11:17 03:01:41--FAILED LOGIN BY STAFF tina@gmail.com
ERROR : 21:11:17 12:04:40--FAILED LOGIN BY STAFF tina@gmail.com
ERROR : 21:11:17 12:04:44--FAILED LOGIN BY STAFF conner@gmail.com
ERROR : 21:11:17 12:06:54--STAFF 34567 PASSWORD UPDATE FAILED
ERROR : 21:11:17 12:07:48--STAFF 34567 ASSIGNED INSTRUCTOR FAILED
ERROR : 21:11:17 12:08:27--STAFF 34567 ASSIGN INSTRUCTOR FAILED
ERROR : 21:11:17 12:16:19--MANAGER 34567 ADD INSTRUCTOR FAILED
ERROR : 21:11:17 12:16:42--MANAGER 34567 ADD INSTRUCTOR FAILED
ERROR : 21:11:17 12:20:45--MANAGER 34567 MODIFY INSTRUCTOR FAILED
ERROR : 21:11:17 12:20:45--MANAGER 34567 MODIFY INSTRUCTOR FAILED
ERROR : 21:11:17 12:22:47--FAILED LOGIN BY INSTRUCTOR alex@gmail.com
ERROR : 21:11:17 12:24:42--MEMBER 51562 PASSWORD UPDATE FAILED
ERROR : 21:11:17 02:07:22--FAILED LOGIN BY STAFF conner@gmail.com
ERROR : 21:11:17 02:09:49--FAILED LOGIN BY STAFF conner@gmail.com
