INFO : 21:11:16 07:16:01--MEMBER 81431 LOGGED IN
INFO : 21:11:16 07:16:55--MEMBER 81431 LOGGED IN
INFO : 21:11:16 07:16:57--INSTRUCTOR 81431 LOGGED OUT
INFO : 21:11:16 07:17:14--MEMBER 81431 LOGGED IN
INFO : 21:11:16 07:17:15--MEMBER 81431 LOGGED OUT
INFO : 21:11:16 07:17:22--MEMBER 81431 LOGGED IN
INFO : 21:11:16 07:22:35--PAYMENT 34234 BY MEMBER 
INFO : 21:11:16 07:25:49--PAYMENT ID-123 BY MEMBER 81431
INFO : 21:11:16 07:26:10--PAYMENT ID-ewr BY MEMBER 81431
INFO : 21:11:16 07:35:10--MEMBER 81431 ENROLLED INTO CLASS 28274
INFO : 21:11:16 07:35:31--MEMBER 81431 DROPPED CLASS
INFO : 21:11:16 07:36:05--MEMBER 81431 ENROLLED INTO CLASS 28274
INFO : 21:11:16 07:36:11--MEMBER 81431 DROPPED CLASS 28274
INFO : 21:11:16 07:48:26--MEMBER 81431 CHANGED WORKOUT STATUS
INFO : 21:11:16 07:48:30--MEMBER 81431 CHANGED WORKOUT PLAN
INFO : 21:11:16 07:48:42--MEMBER 81431 LOGGED OUT
INFO : 21:11:16 07:54:18--STAFF  LOGGED IN
INFO : 21:11:16 08:00:12--STAFF 34567 ASSIGNED INSTRUCTOR 72253 TO CLASS 12387
INFO : 21:11:16 08:01:35--STAFF 34567 ASSIGNED INSTRUCTOR 12387 TO CLASS 28274
INFO : 21:11:16 08:01:40--STAFF 34567 ASSIGNED INSTRUCTOR 12387 TO CLASS 28274
INFO : 21:11:16 08:09:48--STAFF  LOGGED IN
INFO : 21:11:16 08:09:53--STAFF  LOGGED IN
INFO : 21:11:16 08:21:03--MANAGER  DELETE INSTRUCTOR FAILED
INFO : 21:11:16 08:21:03--MANAGER  DELETED INSTRUCTOR 
INFO : 21:11:16 08:22:13--MANAGER 34567 DELETE INSTRUCTOR FAILED
INFO : 21:11:16 08:22:13--MANAGER 34567 DELETED INSTRUCTOR 
INFO : 21:11:16 08:23:26--MANAGER 34567 DELETED INSTRUCTOR 
INFO : 21:11:16 08:23:30--MANAGER 34567 DELETED INSTRUCTOR 
INFO : 21:11:16 08:25:02--MANAGER 34567 DELETED INSTRUCTOR 123
INFO : 21:11:16 08:27:31--MANAGER 34567 ADDED INSTRUCTOR 123
INFO : 21:11:16 08:27:45--MANAGER 34567 MODIFIED INSTRUCTOR 
INFO : 21:11:16 08:28:18--MANAGER 34567 MODIFIED INSTRUCTOR 123
INFO : 21:11:16 08:28:30--MANAGER 34567 MODIFIED INSTRUCTOR 123
INFO : 21:11:16 08:29:01--MANAGER 34567 DELETED INSTRUCTOR 123
INFO : 21:11:16 08:30:01--STAFF 34567 LOGGED OUT
INFO : 21:11:16 08:48:30--STAFF  LOGGED IN
INFO : 21:11:16 08:49:00--STAFF 34567 LOGGED OUT
INFO : 21:11:16 08:49:04--INSTRUCTOR 51562 LOGGED IN
INFO : 21:11:16 09:10:58--INSTRUCTOR 51562 LOGGED OUT
INFO : 21:11:16 09:11:42--INSTRUCTOR 51562 LOGGED IN
INFO : 21:11:16 09:14:18--INSTRUCTOR 51562 LOGGED OUT
INFO : 21:11:16 09:16:35--INSTRUCTOR 51562 LOGGED IN
INFO : 21:11:16 09:18:57--INSTRUCTOR 51562 LOGGED OUT
INFO : 21:11:16 09:19:02--STAFF  LOGGED IN
INFO : 21:11:16 09:23:54--STAFF 34567 LOGGED OUT
INFO : 21:11:16 09:24:05--INSTRUCTOR 51562 LOGGED IN
INFO : 21:11:16 09:41:55--MEMBER 48182 LOGGED IN
INFO : 21:11:16 09:42:13--MEMBER 48182 UPDATED PASSWORD
INFO : 21:11:16 09:42:32--MEMBER 48182 LOGGED OUT
INFO : 21:11:16 09:42:35--MEMBER 48182 LOGGED IN
INFO : 21:11:16 09:42:37--MEMBER 48182 LOGGED OUT
INFO : 21:11:16 09:42:38--MEMBER 48182 LOGGED IN
INFO : 21:11:16 09:43:40--MEMBER 48182 LOGGED OUT
INFO : 21:11:16 09:43:44--INSTRUCTOR 51562 LOGGED IN
INFO : 21:11:16 09:48:02--INSTRUCTOR 51562 LOGGED OUT
INFO : 21:11:16 09:48:04--INSTRUCTOR 51562 LOGGED IN
INFO : 21:11:16 09:48:15--MEMBER 51562 UPDATED PASSWORD
INFO : 21:11:16 10:08:13--INSTRUCTOR 51562 LOGGED OUT
INFO : 21:11:16 10:08:29--STAFF  LOGGED IN
INFO : 21:11:16 10:10:09--STAFF 34567 UPDATED PASSWORD
INFO : 21:11:16 10:10:29--STAFF 34567 LOGGED OUT
INFO : 21:11:16 10:10:46--INSTRUCTOR 51562 LOGGED IN
INFO : 21:11:16 10:10:47--INSTRUCTOR 51562 LOGGED OUT
INFO : 21:11:16 10:10:52--MEMBER 48182 LOGGED IN
INFO : 21:11:16 10:11:54--MEMBER 48182 UPDATED PASSWORD
INFO : 21:11:16 10:12:02--MEMBER 48182 LOGGED OUT
INFO : 21:11:17 03:00:02--MEMBER 48182 LOGGED IN
INFO : 21:11:17 03:00:04--MEMBER 48182 LOGGED IN
INFO : 21:11:17 03:00:05--MEMBER 48182 LOGGED OUT
INFO : 21:11:17 03:00:26--MEMBER 48182 LOGGED IN
INFO : 21:11:17 03:01:22--MEMBER 48182 LOGGED OUT
INFO : 21:11:17 03:01:46--STAFF  LOGGED IN
INFO : 21:11:17 03:03:48--STAFF 34567 LOGGED OUT
INFO : 21:11:17 03:04:11--INSTRUCTOR 51562 LOGGED IN
INFO : 21:11:17 11:58:42--MEMBER 48182 LOGGED IN
INFO : 21:11:17 11:59:22--MEMBER 48182 ENROLLED INTO CLASS 28274
INFO : 21:11:17 11:59:34--MEMBER 48182 DROPPED CLASS 67857
INFO : 21:11:17 12:04:37--MEMBER 48182 LOGGED OUT
INFO : 21:11:17 12:04:46--STAFF  LOGGED IN
INFO : 21:11:17 12:05:37--STAFF 34567 LOGGED OUT
INFO : 21:11:17 12:05:38--STAFF 34567 LOGGED IN
INFO : 21:11:17 12:07:16--STAFF 34567 UPDATED PASSWORD
INFO : 21:11:17 12:08:35--STAFF 34567 ASSIGNED INSTRUCTOR 12387 TO MEMBER 81431
INFO : 21:11:17 12:09:54--MANAGER 34567 ADDED CLASS 67854
INFO : 21:11:17 12:10:22--MANAGER 34567 MODIFIED CLASS 67854
INFO : 21:11:17 12:10:32--MANAGER 34567 DELETED CLASS 67854
INFO : 21:11:17 12:12:28--STAFF 34567 ADDED MEMBER 32929
INFO : 21:11:17 12:13:08--STAFF 34567 MODIFIED MEMBER 32929
INFO : 21:11:17 12:13:16--STAFF 34567 DELETED MEMBER 32929
INFO : 21:11:17 12:14:40--MANAGER 34567 ADDED STAFF 67329
INFO : 21:11:17 12:14:55--MANAGER 34567 MODIFIED STAFF 67329
INFO : 21:11:17 12:15:29--MANAGER 34567 DELETED STAFF 67329
INFO : 21:11:17 12:18:04--MANAGER 34567 ADDED INSTRUCTOR 12345
INFO : 21:11:17 12:18:29--MANAGER 34567 MODIFIED INSTRUCTOR 12345
INFO : 21:11:17 12:18:40--MANAGER 34567 MODIFIED INSTRUCTOR qwe
INFO : 21:11:17 12:21:14--MANAGER 34567 MODIFIED INSTRUCTOR 12345
INFO : 21:11:17 12:21:27--MANAGER 34567 DELETED INSTRUCTOR 12345
INFO : 21:11:17 12:22:06--STAFF 34567 LOGGED OUT
INFO : 21:11:17 12:22:33--STAFF 34567 LOGGED IN
INFO : 21:11:17 12:22:44--STAFF 34567 LOGGED OUT
INFO : 21:11:17 12:22:50--INSTRUCTOR 51562 LOGGED IN
INFO : 21:11:17 12:24:54--INSTRUCTOR 51562 LOGGED OUT
